<?xml version="1.0" encoding="UTF-8"?>
<!-- Generated by org.testng.reporters.JUnitReportReporter -->
<testsuite hostname="NDAN-CRSU9" name="sampleProject.SampleProjectExecution" tests="2" failures="0" timestamp="27 Apr 2017 10:38:52 GMT" time="30.261" errors="0">
  <testcase name="launchGmail" time="22.438" classname="sampleProject.SampleProjectExecution"/>
  <testcase name="launchGmail" time="7.823" classname="sampleProject.SampleProjectExecution"/>
</testsuite> <!-- sampleProject.SampleProjectExecution -->
